<?xml version="1.0" encoding="UTF-8"?>
<testsuite xmlns:xsi="http://www.w3.org/2001/XMLSchema-instance" xsi:noNamespaceSchemaLocation="https://maven.apache.org/surefire/maven-surefire-plugin/xsd/surefire-test-report-3.0.xsd" version="3.0" name="TestSuite" time="81.838" tests="1" errors="0" skipped="0" failures="0">
  <properties>
[...]
</properties>
  <testcase name="loginTest" classname="com.inetbanking.testcases.LoginTest" time="8.585">
    <system-out><![CDATA[05-05-2021 12:56:14 LoginTest.java INFO  [main] inetBanking 14 - URL is opened
05-05-2021 12:56:18 LoginTest.java INFO  [main] inetBanking 17 - Entered username
05-05-2021 12:56:19 LoginTest.java INFO  [main] inetBanking 19 - Entered password
05-05-2021 12:56:23 LoginTest.java INFO  [main] inetBanking 24 - Login test passes
]]></system-out>
    <system-err><![CDATA[Starting MSEdgeDriver 90.0.818.51 (0ac6c7911676c0ad0b47db24c7d4c524203c4cc4) on port 3887
Only local connections are allowed.
Please see https://chromedriver.chromium.org/security-considerations for suggestions on keeping MSEdgeDriver safe.
MSEdgeDriver was started successfully.
May 05, 2021 12:55:53 PM org.openqa.selenium.remote.ProtocolHandshake createSession
INFO: Detected dialect: W3C
]]></system-err>
  </testcase>
</testsuite>